<?xml version="1.0" encoding="UTF-8"?>
<!-- Generated by org.testng.reporters.JUnitXMLReporter -->
<testsuite ignored="2" hostname="DESKTOP-05BICAB" failures="1" tests="2" name="Selenium_Project_withMaven" time="13.262" errors="0" timestamp="2026-06-24T22:04:22 IST">
  <testcase classname="TestNG.withTestNG.OrangeHRMLoginTests" name="testValidLogin" time="1.973">
    <failure type="java.lang.AssertionError" message="The following asserts failed:
	expected [AdminAuto Users] but found [Youssef hassan]">
      <![CDATA[java.lang.AssertionError: The following asserts failed:
expected [AdminAuto Users] but found [Youssef hassan]
at TestNG.withTestNG.OrangeHRMLoginTests.testValidLogin(OrangeHRMLoginTests.java:104)
at java.base/java.util.ArrayList.forEach(ArrayList.java:1604)
at com.intellij.rt.testng.IDEARemoteTestNG.run(IDEARemoteTestNG.java:65)
at com.intellij.rt.testng.RemoteTestNGStarter.main(RemoteTestNGStarter.java:105)
... Removed 24 stack frames]]>
    </failure>
  </testcase> <!-- testValidLogin -->
  <testcase classname="TestNG.withTestNG.OrangeHRMLoginTests" name="testLogout" time="3.331"/>
  <testcase classname="TestNG.withTestNG.OrangeHRMLoginTests" name="testInValidLogin" time="0.0">
    <ignored/>
  </testcase> <!-- testInValidLogin -->
  <testcase classname="TestNG.withTestNG.OrangeHRMLoginTests" name="testSearchUser" time="0.0">
    <ignored/>
  </testcase> <!-- testSearchUser -->
</testsuite> <!-- Selenium_Project_withMaven -->
