<?xml version="1.0" encoding="UTF-8"?>
<!-- Generated by org.testng.reporters.JUnitXMLReporter -->
<testsuite ignored="0" hostname="DESKTOP-05BICAB" failures="5" tests="6" name="Selenium_Project_withMaven" time="37.428" errors="0" timestamp="2026-07-01T21:43:29 IST">
  <testcase classname="myProjectInTestNG.OrangeHRMLoginTest" name="testValidLogin" time="2.127">
    <failure type="java.lang.AssertionError" message="The following asserts failed:
	expected [AdminAuto User] but found [manda user]">
      <![CDATA[java.lang.AssertionError: The following asserts failed:
expected [AdminAuto User] but found [manda user]
at myProjectInTestNG.OrangeHRMLoginTest.testValidLogin(OrangeHRMLoginTest.java:59)
at java.base/java.util.ArrayList.forEach(ArrayList.java:1604)
at com.intellij.rt.testng.IDEARemoteTestNG.run(IDEARemoteTestNG.java:65)
at com.intellij.rt.testng.RemoteTestNGStarter.main(RemoteTestNGStarter.java:105)
... Removed 24 stack frames]]>
    </failure>
  </testcase> <!-- testValidLogin -->
  <testcase classname="myProjectInTestNG.OrangeHRMLoginTest" name="testInValidLogin" time="1.759">
    <failure type="java.lang.AssertionError" message="Expected error message &amp;apos;Invalid credentials&amp;apos; but got: Invalid credentials">
      <![CDATA[java.lang.AssertionError: Expected error message 'Invalid credentials' but got: Invalid credentials
at myProjectInTestNG.OrangeHRMLoginTest.testInValidLogin(OrangeHRMLoginTest.java:72)
at java.base/java.util.ArrayList.forEach(ArrayList.java:1604)
at com.intellij.rt.testng.IDEARemoteTestNG.run(IDEARemoteTestNG.java:65)
at com.intellij.rt.testng.RemoteTestNGStarter.main(RemoteTestNGStarter.java:105)
... Removed 22 stack frames]]>
    </failure>
  </testcase> <!-- testInValidLogin -->
  <testcase classname="myProjectInTestNG.OrangeHRMLoginTest" name="testInValidLogin" time="1.726">
    <failure type="java.lang.AssertionError" message="Expected error message &amp;apos;Invalid credentials&amp;apos; but got: Invalid credentials">
      <![CDATA[java.lang.AssertionError: Expected error message 'Invalid credentials' but got: Invalid credentials
at myProjectInTestNG.OrangeHRMLoginTest.testInValidLogin(OrangeHRMLoginTest.java:72)
at java.base/java.util.ArrayList.forEach(ArrayList.java:1604)
at com.intellij.rt.testng.IDEARemoteTestNG.run(IDEARemoteTestNG.java:65)
at com.intellij.rt.testng.RemoteTestNGStarter.main(RemoteTestNGStarter.java:105)
... Removed 22 stack frames]]>
    </failure>
  </testcase> <!-- testInValidLogin -->
  <testcase classname="myProjectInTestNG.OrangeHRMLoginTest" name="testInValidLogin" time="1.979">
    <failure type="java.lang.AssertionError" message="Expected error message &amp;apos;Invalid credentials&amp;apos; but got: Invalid credentials">
      <![CDATA[java.lang.AssertionError: Expected error message 'Invalid credentials' but got: Invalid credentials
at myProjectInTestNG.OrangeHRMLoginTest.testInValidLogin(OrangeHRMLoginTest.java:72)
at java.base/java.util.ArrayList.forEach(ArrayList.java:1604)
at com.intellij.rt.testng.IDEARemoteTestNG.run(IDEARemoteTestNG.java:65)
at com.intellij.rt.testng.RemoteTestNGStarter.main(RemoteTestNGStarter.java:105)
... Removed 22 stack frames]]>
    </failure>
  </testcase> <!-- testInValidLogin -->
  <testcase classname="myProjectInTestNG.OrangeHRMLoginTest" name="testInValidLogin" time="3.367">
    <failure type="java.lang.AssertionError" message="Expected error message &amp;apos;Invalid credentials&amp;apos; but got: Invalid credentials">
      <![CDATA[java.lang.AssertionError: Expected error message 'Invalid credentials' but got: Invalid credentials
at myProjectInTestNG.OrangeHRMLoginTest.testInValidLogin(OrangeHRMLoginTest.java:72)
at java.base/java.util.ArrayList.forEach(ArrayList.java:1604)
at com.intellij.rt.testng.IDEARemoteTestNG.run(IDEARemoteTestNG.java:65)
at com.intellij.rt.testng.RemoteTestNGStarter.main(RemoteTestNGStarter.java:105)
... Removed 22 stack frames]]>
    </failure>
  </testcase> <!-- testInValidLogin -->
  <testcase classname="myProjectInTestNG.OrangeHRMLoginTest" name="testLogout" time="3.032"/>
</testsuite> <!-- Selenium_Project_withMaven -->
